<?xml version="1.0" encoding="UTF-8"?>
<!-- Generated by org.testng.reporters.JUnitXMLReporter -->
<testsuite ignored="0" hostname="LAPTOP-AVT5DENA" failures="0" tests="2" name="sp" time="9.106" errors="0" timestamp="2022-11-02T21:22:00 CDT">
  <testcase classname="org.amazon.test.Tc01Amazon" name="signintest" time="0.0">
    <skipped/>
  </testcase> <!-- signintest -->
  <testcase classname="org.amazon.test.Tc01Amazon" name="search" time="0.0">
    <skipped/>
  </testcase> <!-- search -->
</testsuite> <!-- sp -->
